<?xml version="1.0" encoding="UTF-8"?>
<!-- Generated by org.testng.reporters.JUnitReportReporter -->
<testsuite hostname="DESKTOP-BKE9C99" failures="0" tests="1" name="shopping.AmazonTest" time="4.254" errors="0" timestamp="2023-12-28T19:07:37 IST" skipped="0">
  <testcase classname="shopping.AmazonTest" name="amazon" time="4.254"/>
  <system-out>
    <![CDATA[amazon opens]]>
  </system-out>
</testsuite> <!-- shopping.AmazonTest -->
