<?xml version="1.0" encoding="UTF-8"?>
<!-- Generated by org.testng.reporters.JUnitReportReporter -->
<testsuite hostname="DESKTOP-BKE9C99" failures="0" tests="1" name="shopping.Dwsparameters" time="6.968" errors="0" timestamp="2023-12-29T09:18:46 IST" skipped="0">
  <testcase classname="shopping.Dwsparameters" name="dws" time="6.968"/>
  <system-out>
    <![CDATA[welcome to demo webShop]]>
  </system-out>
</testsuite> <!-- shopping.Dwsparameters -->
