<?xml version="1.0" encoding="UTF-8"?>
<!-- Generated by org.testng.reporters.JUnitReportReporter -->
<testsuite hostname="DESKTOP-BKE9C99" failures="0" tests="1" name="companies.SimpleTest" time="0.004" errors="0" timestamp="2023-12-28T18:56:56 IST" skipped="0">
  <testcase classname="companies.SimpleTest" name="demo" time="0.004"/>
  <system-out>
    <![CDATA[hello maven]]>
  </system-out>
</testsuite> <!-- companies.SimpleTest -->
