<?xml version="1.0" encoding="UTF-8"?>
<!-- Generated by org.testng.reporters.JUnitReportReporter -->
<testsuite hostname="DESKTOP-BKE9C99" failures="0" tests="1" name="shopping.FlipkartTest" time="7.417" errors="0" timestamp="2023-12-28T19:07:37 IST" skipped="0">
  <testcase classname="shopping.FlipkartTest" name="flipkart" time="7.417"/>
  <system-out>
    <![CDATA[flipkart opens]]>
  </system-out>
</testsuite> <!-- shopping.FlipkartTest -->
