<?xml version="1.0" encoding="UTF-8"?>
<!-- Generated by org.testng.reporters.JUnitReportReporter -->
<testsuite hostname="DESKTOP-BKE9C99" failures="0" tests="1" name="shopping.MyntraTest" time="11.305" errors="0" timestamp="2023-12-28T19:02:41 IST" skipped="0">
  <testcase classname="shopping.MyntraTest" name="myntra" time="11.305"/>
  <system-out>
    <![CDATA[myntra opens]]>
  </system-out>
</testsuite> <!-- shopping.MyntraTest -->
